
ROM used: 570 (7%)
          570 (7%) including unused fragments

          1 Average locations per line
          4 Average locations per statement

RAM used: 8 (2%) at main() level
          18 (5%) worst case

Stack used: 3 worst case (out of 8 total available)

Lines Stmts  %   Files
----- ----- ---  -----
  164    59  40  ultrasom_hc_sr04.c
  312     0   0  C:\Arquivos de programas\PICC\devices\16F877A.h
  198    87  60  LCD_MSS.h
----- -----
  674   146 Total

Page ROM  %  RAM   Vol Diff  Functions:
---- --- --- ---   --- ----  ----------
0     21   4   1             @delay_ms1
0     19   3   3   153  4.3  linha_1_lcd
0     25   4   0    67  1.2  configura_lcd
0      6   1   0    21  0.9  inicio_lcd
0      6   1   0    21  0.9  limpa_lcd
0     38   7   2  1043  2.9  caracter_lcd
0     37   6   2  1012  2.9  comando_lcd
 Inline        0   262  2.8  quatro_bit_lcd
0    148  26   2   693  3.4  MAIN
0     87  15   8   336  5.0  ler_US
 Inline        5   598  1.4  @MUL1616
0     37   6   5             @DIV1616
0    142  25   4   695  3.5  exibe_distancia

Program metrics:
    Functions               11
    Statements              146
    Comments                294
    Volume (V)              7439
    Difficilty (D)          30.5
    Effort to implement (E) 226829
    Time to implement (T)   3 hours, 30 minutes
    Est Delivered Bugs (B)  1
    Cyclomatic Complexity   2
    Maintainability (MI)    145

 Segment     Used  Free
-----------  ----  ----
00000-00003     4  0  
00004-007FF   566  1478  
00800-00FFF     0  2048  
01000-017FF     0  2048  
01800-01FFF     0  2048  



