
ROM used: 1010 (12%)
          1010 (12%) including unused fragments

          1 Average locations per line
          2 Average locations per statement

RAM used: 18 (5%) at main() level
          21 (6%) worst case

Stack used: 3 worst case (out of 8 total available)

Lines Stmts  %   Files
----- ----- ---  -----
  554   341  80  dth11_pic.c
  312     0   0  C:\Arquivos de programas\PICC\devices\16F877A.h
  198    87  20  LCD_MSS.h
----- -----
 1064   428 Total

Page ROM  %  RAM   Vol Diff  Functions:
---- --- --- ---   --- ----  ----------
0     21   2   1             @delay_ms1
0     19   2   3   153  4.3  linha_1_lcd
0     19   2   3   153  4.3  linha_2_lcd
0     25   2   0    67  1.2  configura_lcd
0      6   1   0    21  0.9  inicio_lcd
0      4   0   0    21  0.9  limpa_lcd
0     38   4   2  1043  2.9  caracter_lcd
0     37   4   2  1012  2.9  comando_lcd
 Inline        0   262  2.8  quatro_bit_lcd
0    316  31   3  2422  5.4  MAIN
0     33   3   2   237  3.2  exibe_dado
0     21   2   3             @DIV88
0     95   9   0  1213  6.3  ler_sensor
0    372  37   0  6445  6.5  ler_byte

Program metrics:
    Functions               12
    Statements              428
    Comments                432
    Volume (V)              17692
    Difficilty (D)          44.1
    Effort to implement (E) 779534
    Time to implement (T)   12 hours, 2 minutes
    Est Delivered Bugs (B)  3
    Cyclomatic Complexity   42
    Maintainability (MI)    81

 Segment     Used  Free
-----------  ----  ----
00000-00003     4  0  
00004-007FF  1006  1038  
00800-00FFF     0  2048  
01000-017FF     0  2048  
01800-01FFF     0  2048  



